Performing C SOURCE FILE Test HAVE_LD_VERSION_SCRIPT failed with the following output:
Change Dir: C:/Users/FAMILY/CLionProjects/framedisplay/cmake-build-debug/CMakeFiles/CMakeTmp

Run Build Command(s):C:/PROGRA~2/MINGW-~1/I686-8~1.0-W/mingw32/bin/mingw32-make.exe cmTC_fab30/fast && C:/PROGRA~2/MINGW-~1/I686-8~1.0-W/mingw32/bin/mingw32-make.exe  -f CMakeFiles\cmTC_fab30.dir\build.make CMakeFiles/cmTC_fab30.dir/build
mingw32-make.exe[1]: Entering directory 'C:/Users/FAMILY/CLionProjects/framedisplay/cmake-build-debug/CMakeFiles/CMakeTmp'
Building C object CMakeFiles/cmTC_fab30.dir/src.c.obj
C:\PROGRA~2\MINGW-~1\I686-8~1.0-W\mingw32\bin\gcc.exe   -DHAVE_LD_VERSION_SCRIPT -Wl,--version-script='C:/Users/FAMILY/CLionProjects/framedisplay/cmake-build-debug/deps/libpng/conftest.map'   -o CMakeFiles\cmTC_fab30.dir\src.c.obj   -c C:\Users\FAMILY\CLionProjects\framedisplay\cmake-build-debug\CMakeFiles\CMakeTmp\src.c
Linking C executable cmTC_fab30.exe
"C:\Program Files\JetBrains\CLion 2020.2.5\bin\cmake\win\bin\cmake.exe" -E cmake_link_script CMakeFiles\cmTC_fab30.dir\link.txt --verbose=1
"C:\Program Files\JetBrains\CLion 2020.2.5\bin\cmake\win\bin\cmake.exe" -E rm -f CMakeFiles\cmTC_fab30.dir/objects.a
C:\PROGRA~2\MINGW-~1\I686-8~1.0-W\mingw32\bin\ar.exe cr CMakeFiles\cmTC_fab30.dir/objects.a @CMakeFiles\cmTC_fab30.dir\objects1.rsp
C:\PROGRA~2\MINGW-~1\I686-8~1.0-W\mingw32\bin\gcc.exe  -DHAVE_LD_VERSION_SCRIPT -Wl,--version-script='C:/Users/FAMILY/CLionProjects/framedisplay/cmake-build-debug/deps/libpng/conftest.map'    -Wl,--whole-archive CMakeFiles\cmTC_fab30.dir/objects.a -Wl,--no-whole-archive  -o cmTC_fab30.exe -Wl,--out-implib,libcmTC_fab30.dll.a -Wl,--major-image-version,0,--minor-image-version,0 @CMakeFiles\cmTC_fab30.dir\linklibs.rsp
C:/PROGRA~2/MINGW-~1/I686-8~1.0-W/mingw32/bin/../lib/gcc/i686-w64-mingw32/8.1.0/../../../../i686-w64-mingw32/bin/ld.exe: cannot open linker script file 'C:/Users/FAMILY/CLionProjects/framedisplay/cmake-build-debug/deps/libpng/conftest.map': Invalid argument
collect2.exe: error: ld returned 1 exit status
mingw32-make.exe[1]: *** [CMakeFiles\cmTC_fab30.dir\build.make:108: cmTC_fab30.exe] Error 1
mingw32-make.exe[1]: Leaving directory 'C:/Users/FAMILY/CLionProjects/framedisplay/cmake-build-debug/CMakeFiles/CMakeTmp'
mingw32-make.exe: *** [Makefile:140: cmTC_fab30/fast] Error 2


Source file was:
void sym(void) {}
void sym2(void) {}
int main(void) {return 0;}

Performing C SOURCE FILE Test HAVE_SOLARIS_LD_VERSION_SCRIPT failed with the following output:
Change Dir: C:/Users/FAMILY/CLionProjects/framedisplay/cmake-build-debug/CMakeFiles/CMakeTmp

Run Build Command(s):C:/PROGRA~2/MINGW-~1/I686-8~1.0-W/mingw32/bin/mingw32-make.exe cmTC_43556/fast && C:/PROGRA~2/MINGW-~1/I686-8~1.0-W/mingw32/bin/mingw32-make.exe  -f CMakeFiles\cmTC_43556.dir\build.make CMakeFiles/cmTC_43556.dir/build
mingw32-make.exe[1]: Entering directory 'C:/Users/FAMILY/CLionProjects/framedisplay/cmake-build-debug/CMakeFiles/CMakeTmp'
Building C object CMakeFiles/cmTC_43556.dir/src.c.obj
C:\PROGRA~2\MINGW-~1\I686-8~1.0-W\mingw32\bin\gcc.exe   -DHAVE_SOLARIS_LD_VERSION_SCRIPT -Wl,-M -Wl,C:/Users/FAMILY/CLionProjects/framedisplay/cmake-build-debug/deps/libpng/conftest.map   -o CMakeFiles\cmTC_43556.dir\src.c.obj   -c C:\Users\FAMILY\CLionProjects\framedisplay\cmake-build-debug\CMakeFiles\CMakeTmp\src.c
Linking C executable cmTC_43556.exe
"C:\Program Files\JetBrains\CLion 2020.2.5\bin\cmake\win\bin\cmake.exe" -E cmake_link_script CMakeFiles\cmTC_43556.dir\link.txt --verbose=1
"C:\Program Files\JetBrains\CLion 2020.2.5\bin\cmake\win\bin\cmake.exe" -E rm -f CMakeFiles\cmTC_43556.dir/objects.a
C:\PROGRA~2\MINGW-~1\I686-8~1.0-W\mingw32\bin\ar.exe cr CMakeFiles\cmTC_43556.dir/objects.a @CMakeFiles\cmTC_43556.dir\objects1.rsp
C:\PROGRA~2\MINGW-~1\I686-8~1.0-W\mingw32\bin\gcc.exe  -DHAVE_SOLARIS_LD_VERSION_SCRIPT -Wl,-M -Wl,C:/Users/FAMILY/CLionProjects/framedisplay/cmake-build-debug/deps/libpng/conftest.map    -Wl,--whole-archive CMakeFiles\cmTC_43556.dir/objects.a -Wl,--no-whole-archive  -o cmTC_43556.exe -Wl,--out-implib,libcmTC_43556.dll.a -Wl,--major-image-version,0,--minor-image-version,0 @CMakeFiles\cmTC_43556.dir\linklibs.rsp
C:/PROGRA~2/MINGW-~1/I686-8~1.0-W/mingw32/bin/../lib/gcc/i686-w64-mingw32/8.1.0/../../../../i686-w64-mingw32/bin/ld.exe:C:/Users/FAMILY/CLionProjects/framedisplay/cmake-build-debug/deps/libpng/conftest.map: file format not recognized; treating as linker script
C:/PROGRA~2/MINGW-~1/I686-8~1.0-W/mingw32/bin/../lib/gcc/i686-w64-mingw32/8.1.0/../../../../i686-w64-mingw32/bin/ld.exe:C:/Users/FAMILY/CLionProjects/framedisplay/cmake-build-debug/deps/libpng/conftest.map:1: syntax error
collect2.exe: error: ld returned 1 exit status
mingw32-make.exe[1]: *** [CMakeFiles\cmTC_43556.dir\build.make:108: cmTC_43556.exe] Error 1
mingw32-make.exe[1]: Leaving directory 'C:/Users/FAMILY/CLionProjects/framedisplay/cmake-build-debug/CMakeFiles/CMakeTmp'
mingw32-make.exe: *** [Makefile:140: cmTC_43556/fast] Error 2


Source file was:
void sym(void) {}
void sym2(void) {}
int main(void) {return 0;}

